2025-09-01 23:43:45,358 - pipeline - INFO - Initializing Advanced GraphRAG Pipeline...
2025-09-01 23:43:45,358 - neo4j.pool - DEBUG - [#0000]  _: <POOL> created, direct address IPv4Address(('localhost', 7687))
2025-09-01 23:43:45,358 - neo4j - DEBUG - [#0000]  _: <WORKSPACE> routing towards fixed database: neo4j
2025-09-01 23:43:45,358 - neo4j - DEBUG - [#0000]  _: <WORKSPACE> pinning database: 'neo4j'
2025-09-01 23:43:45,358 - neo4j.pool - DEBUG - [#0000]  _: <POOL> acquire direct connection, access_mode='WRITE', database=AcquisitionDatabase(name='neo4j', guessed=False)
2025-09-01 23:43:45,358 - neo4j.pool - DEBUG - [#0000]  _: <POOL> trying to hand out new connection
2025-09-01 23:43:45,358 - neo4j.io - DEBUG - [#0000]  _: <RESOLVE> in: localhost:7687
2025-09-01 23:43:45,361 - neo4j.io - DEBUG - [#0000]  _: <RESOLVE> dns resolver out: [::1]:7687
2025-09-01 23:43:45,361 - neo4j.io - DEBUG - [#0000]  C: <OPEN> [::1]:7687
2025-09-01 23:43:45,361 - neo4j.io - DEBUG - [#C37B]  C: <MAGIC> 0x6060B017
2025-09-01 23:43:45,361 - neo4j.io - DEBUG - [#C37B]  C: <HANDSHAKE> 0x000001FF 0x00080805 0x00020404 0x00000003
2025-09-01 23:43:45,365 - neo4j.io - DEBUG - [#C37B]  S: <HANDSHAKE> 0x00000605
2025-09-01 23:43:45,365 - neo4j.io - DEBUG - [#C37B]  C: HELLO {'user_agent': 'neo4j-python/5.28.2 Python/3.12.8-final-0 (darwin)', 'bolt_agent': {'product': 'neo4j-python/5.28.2', 'platform': 'Darwin 24.4.0; arm64', 'language': 'Python/3.12.8-final-0', 'language_details': 'CPython; 3.12.8-final-0 (v3.12.8:2dc476bcb91, Dec  3 2024 14:43:19) [Clang 13.0.0 (clang-1300.0.29.30)]'}}
2025-09-01 23:43:45,365 - neo4j.io - DEBUG - [#C37B]  _: <CONNECTION> client state: CONNECTED > AUTHENTICATION
2025-09-01 23:43:45,365 - neo4j.io - DEBUG - [#C37B]  C: LOGON {'scheme': 'basic', 'principal': 'neo4j'}
2025-09-01 23:43:45,365 - neo4j.io - DEBUG - [#C37B]  _: <CONNECTION> client state: AUTHENTICATION > READY
2025-09-01 23:43:45,366 - neo4j.io - DEBUG - [#C37B]  S: SUCCESS {'server': 'Neo4j/5.23.0', 'connection_id': 'bolt-31', 'hints': {'connection.recv_timeout_seconds': 120}}
2025-09-01 23:43:45,367 - neo4j.io - DEBUG - [#C37B]  _: <CONNECTION> server state: CONNECTED > AUTHENTICATION
2025-09-01 23:43:45,367 - neo4j.io - DEBUG - [#C37B]  S: FAILURE {'code': 'Neo.ClientError.Security.Unauthorized', 'message': 'Unsupported authentication token, missing key `credentials`'}
2025-09-01 23:43:45,367 - neo4j.io - DEBUG - [#C37B]  C: <KILL>
2025-09-01 23:43:45,367 - neo4j.io - DEBUG - [#C37B]  C: <OPEN FAILED> AuthError('Unsupported authentication token, missing key `credentials`')
2025-09-01 23:43:45,367 - pipeline - ERROR - Pipeline initialization failed: {code: Neo.ClientError.Security.Unauthorized} {message: Unsupported authentication token, missing key `credentials`}
2025-09-01 23:43:45,403 - neo4j.pool - DEBUG - [#0000]  _: <POOL> close
